opentasks/build/intermediates/manifest_merge_blame_file/release/manifest-merger-blame-release-report.txt
1<?xml version="1.0" encoding="utf-8"?>
2<manifest xmlns:android="http://schemas.android.com/apk/res/android"
3    package="org.dmfs.tasks"
4    android:versionCode="79701"
5    android:versionName="1.2.4-13-g08162d7-dirty" > <!-- TODO Remove after https://github.com/dmfs/opentasks/issues/392 -->
6    <uses-sdk
6-->src/main/AndroidManifest.xml:6:5-63
7        android:minSdkVersion="19"
7-->src/main/AndroidManifest.xml:6:5-63
8        android:targetSdkVersion="29" />
8-->src/main/AndroidManifest.xml:6:5-63
9
10    <uses-permission android:name="android.permission.WAKE_LOCK" />
10-->src/main/AndroidManifest.xml:8:5-67
10-->src/main/AndroidManifest.xml:8:22-65
11    <uses-permission android:name="org.dmfs.permission.READ_TASKS" />
11-->src/main/AndroidManifest.xml:9:5-69
11-->src/main/AndroidManifest.xml:9:22-67
12    <uses-permission android:name="org.dmfs.permission.WRITE_TASKS" />
12-->src/main/AndroidManifest.xml:10:5-70
12-->src/main/AndroidManifest.xml:10:22-68
13    <uses-permission
13-->src/main/AndroidManifest.xml:11:5-13:41
14        android:name="android.permission.GET_ACCOUNTS"
14-->src/main/AndroidManifest.xml:12:13-59
15        android:maxSdkVersion="25" />
15-->src/main/AndroidManifest.xml:13:13-39
16    <uses-permission android:name="android.permission.READ_CONTACTS" />
16-->src/main/AndroidManifest.xml:14:5-71
16-->src/main/AndroidManifest.xml:14:22-69
17    <uses-permission android:name="android.permission.READ_SYNC_SETTINGS" />
17-->src/main/AndroidManifest.xml:15:5-76
17-->src/main/AndroidManifest.xml:15:22-74
18    <uses-permission android:name="android.permission.VIBRATE" />
18-->src/main/AndroidManifest.xml:16:5-65
18-->src/main/AndroidManifest.xml:16:22-63
19    <uses-permission android:name="com.android.alarm.permission.SET_ALARM" />
19-->src/main/AndroidManifest.xml:17:5-77
19-->src/main/AndroidManifest.xml:17:22-75
20    <uses-permission android:name="android.permission.RECEIVE_BOOT_COMPLETED" />
20-->src/main/AndroidManifest.xml:18:5-80
20-->src/main/AndroidManifest.xml:18:22-78
21
22    <permission-group
22-->[:opentasks-provider] AndroidManifest.xml:10:5-14:60
23        android:name="org.dmfs.tasks.permissiongroup.Tasks"
23-->[:opentasks-provider] AndroidManifest.xml:11:9-60
24        android:description="@string/opentasks_permission_group_description_tasks"
24-->[:opentasks-provider] AndroidManifest.xml:12:9-83
25        android:icon="@drawable/ic_24_opentasks"
25-->[:opentasks-provider] AndroidManifest.xml:13:9-49
26        android:label="@string/opentasks_provider_label" />
26-->[:opentasks-provider] AndroidManifest.xml:14:9-57
27
28    <permission
28-->[:opentasks-provider] AndroidManifest.xml:16:5-21:47
29        android:name="org.dmfs.permission.READ_TASKS"
29-->[:opentasks-provider] AndroidManifest.xml:17:9-54
30        android:description="@string/opentasks_permission_description_read_tasks"
30-->[:opentasks-provider] AndroidManifest.xml:18:9-82
31        android:label="@string/opentasks_permission_read_tasks"
31-->[:opentasks-provider] AndroidManifest.xml:19:9-64
32        android:permissionGroup="org.dmfs.tasks.permissiongroup.Tasks"
32-->[:opentasks-provider] AndroidManifest.xml:20:9-71
33        android:protectionLevel="dangerous" />
33-->[:opentasks-provider] AndroidManifest.xml:21:9-44
34    <permission
34-->[:opentasks-provider] AndroidManifest.xml:22:5-27:47
35        android:name="org.dmfs.permission.WRITE_TASKS"
35-->[:opentasks-provider] AndroidManifest.xml:23:9-55
36        android:description="@string/opentasks_permission_description_write_tasks"
36-->[:opentasks-provider] AndroidManifest.xml:24:9-83
37        android:label="@string/opentasks_permission_write_tasks"
37-->[:opentasks-provider] AndroidManifest.xml:25:9-65
38        android:permissionGroup="org.dmfs.tasks.permissiongroup.Tasks"
38-->[:opentasks-provider] AndroidManifest.xml:26:9-71
39        android:protectionLevel="dangerous" />
39-->[:opentasks-provider] AndroidManifest.xml:27:9-44
40
41    <application
41-->src/main/AndroidManifest.xml:20:5-390:19
42        android:name="org.dmfs.tasks.TasksApplication"
42-->src/main/AndroidManifest.xml:21:13-45
43        android:appComponentFactory="androidx.core.app.CoreComponentFactory"
43-->[androidx.core:core:1.0.1] AndroidManifest.xml:22:18-86
44        android:icon="@mipmap/ic_launcher"
44-->src/main/AndroidManifest.xml:22:13-47
45        android:label="@string/app_name"
45-->src/main/AndroidManifest.xml:23:13-45
46        android:roundIcon="@mipmap/ic_launcher_round"
46-->src/main/AndroidManifest.xml:24:13-58
47        android:supportsRtl="false"
47-->src/main/AndroidManifest.xml:25:13-40
48        android:taskAffinity="org.dmfs.tasks.TaskListActivity"
48-->src/main/AndroidManifest.xml:26:13-67
49        android:theme="@style/OpenTasksAppTheme" >
49-->src/main/AndroidManifest.xml:27:13-53
50
51        <!-- TaskListActivity listens for MAIN intents -->
52        <activity
52-->src/main/AndroidManifest.xml:30:9-39:20
53            android:name="org.dmfs.tasks.TaskListActivity"
53-->src/main/AndroidManifest.xml:31:17-49
54            android:label="@string/title_task_list"
54-->src/main/AndroidManifest.xml:32:17-56
55            android:launchMode="singleTask" >
55-->src/main/AndroidManifest.xml:33:17-48
56            <intent-filter>
56-->src/main/AndroidManifest.xml:34:13-38:29
57                <action android:name="android.intent.action.MAIN" />
57-->src/main/AndroidManifest.xml:35:17-68
57-->src/main/AndroidManifest.xml:35:25-66
58
59                <category android:name="android.intent.category.LAUNCHER" />
59-->src/main/AndroidManifest.xml:37:17-76
59-->src/main/AndroidManifest.xml:37:27-74
60            </intent-filter>
61        </activity>
62
63        <!-- ViewTaskActivity listens for VIEW intents -->
64        <activity
64-->src/main/AndroidManifest.xml:42:9-62:20
65            android:name="org.dmfs.tasks.ViewTaskActivity"
65-->src/main/AndroidManifest.xml:43:17-49
66            android:label="@string/title_task_detail"
66-->src/main/AndroidManifest.xml:44:17-58
67            android:parentActivityName="org.dmfs.tasks.TaskListActivity"
67-->src/main/AndroidManifest.xml:45:17-63
68            android:theme="@style/OpenTasksAppTheme"
68-->src/main/AndroidManifest.xml:46:17-57
69            android:windowSoftInputMode="adjustResize" >
69-->src/main/AndroidManifest.xml:47:17-59
70            <intent-filter android:label="edit" >
70-->src/main/AndroidManifest.xml:48:13-61:29
70-->src/main/AndroidManifest.xml:48:28-48
71                <action android:name="android.intent.action.VIEW" />
71-->src/main/AndroidManifest.xml:49:17-68
71-->src/main/AndroidManifest.xml:49:25-66
72
73                <category android:name="android.intent.category.DEFAULT" />
73-->src/main/AndroidManifest.xml:51:17-75
73-->src/main/AndroidManifest.xml:51:27-73
74
75                <data
75-->src/main/AndroidManifest.xml:53:17-56:51
76                    android:host="@string/opentasks_authority"
76-->src/main/AndroidManifest.xml:54:25-67
77                    android:mimeType="vnd.android.cursor.item/org.dmfs.tasks.tasks"
77-->src/main/AndroidManifest.xml:55:25-88
78                    android:scheme="content" />
78-->src/main/AndroidManifest.xml:56:25-49
79                <data
79-->src/main/AndroidManifest.xml:53:17-56:51
80                    android:host="@string/opentasks_authority"
80-->src/main/AndroidManifest.xml:54:25-67
81                    android:mimeType="vnd.android.cursor.item/org.dmfs.tasks.instances"
81-->src/main/AndroidManifest.xml:55:25-88
82                    android:scheme="content" />
82-->src/main/AndroidManifest.xml:56:25-49
83            </intent-filter>
84        </activity>
85
86        <!-- EditTaskActivity listens for EDIT, INSERT and INSERT_OR_EDIT intents -->
87        <activity
87-->src/main/AndroidManifest.xml:65:9-143:20
88            android:name="org.dmfs.tasks.EditTaskActivity"
88-->src/main/AndroidManifest.xml:66:17-49
89            android:label="@string/activity_add_task_title"
89-->src/main/AndroidManifest.xml:67:17-64
90            android:parentActivityName="org.dmfs.tasks.TaskListActivity"
90-->src/main/AndroidManifest.xml:68:17-63
91            android:theme="@style/DetailsTheme"
91-->src/main/AndroidManifest.xml:69:17-52
92            android:windowSoftInputMode="stateHidden|adjustResize" >
92-->src/main/AndroidManifest.xml:70:17-71
93            <meta-data
93-->src/main/AndroidManifest.xml:71:13-73:70
94                android:name="android.support.PARENT_ACTIVITY"
94-->src/main/AndroidManifest.xml:72:21-67
95                android:value="org.dmfs.tasks.TaskListActivity" />
95-->src/main/AndroidManifest.xml:73:21-68
96
97            <intent-filter android:label="@string/activity_edit_task_title" >
97-->src/main/AndroidManifest.xml:75:13-88:29
97-->src/main/AndroidManifest.xml:75:28-76
98                <action android:name="android.intent.action.EDIT" />
98-->src/main/AndroidManifest.xml:76:17-68
98-->src/main/AndroidManifest.xml:76:25-66
99
100                <category android:name="android.intent.category.DEFAULT" />
100-->src/main/AndroidManifest.xml:51:17-75
100-->src/main/AndroidManifest.xml:51:27-73
101
102                <data
102-->src/main/AndroidManifest.xml:53:17-56:51
103                    android:host="@string/opentasks_authority"
103-->src/main/AndroidManifest.xml:54:25-67
104                    android:mimeType="vnd.android.cursor.item/org.dmfs.tasks.tasks"
104-->src/main/AndroidManifest.xml:55:25-88
105                    android:scheme="content" />
105-->src/main/AndroidManifest.xml:56:25-49
106                <data
106-->src/main/AndroidManifest.xml:53:17-56:51
107                    android:host="@string/opentasks_authority"
107-->src/main/AndroidManifest.xml:54:25-67
108                    android:mimeType="vnd.android.cursor.item/org.dmfs.tasks.instances"
108-->src/main/AndroidManifest.xml:55:25-88
109                    android:scheme="content" />
109-->src/main/AndroidManifest.xml:56:25-49
110            </intent-filter>
111
112            <!-- Voice command "note to self" in google search -->
113            <intent-filter android:label="@string/activity_add_task_title" >
113-->src/main/AndroidManifest.xml:91:13-97:29
113-->src/main/AndroidManifest.xml:91:28-75
114                <action android:name="com.google.android.gm.action.AUTO_SEND" />
114-->src/main/AndroidManifest.xml:92:17-80
114-->src/main/AndroidManifest.xml:92:25-78
115
116                <category android:name="android.intent.category.DEFAULT" />
116-->src/main/AndroidManifest.xml:51:17-75
116-->src/main/AndroidManifest.xml:51:27-73
117
118                <data android:mimeType="text/*" />
118-->src/main/AndroidManifest.xml:53:17-56:51
118-->src/main/AndroidManifest.xml:55:25-88
119            </intent-filter>
120
121            <!-- Intent filter for share intents -->
122            <intent-filter android:label="@string/share_as_task" >
122-->src/main/AndroidManifest.xml:100:13-106:29
122-->src/main/AndroidManifest.xml:100:28-65
123                <action android:name="android.intent.action.SEND" />
123-->src/main/AndroidManifest.xml:101:17-68
123-->src/main/AndroidManifest.xml:101:25-66
124
125                <category android:name="android.intent.category.DEFAULT" />
125-->src/main/AndroidManifest.xml:51:17-75
125-->src/main/AndroidManifest.xml:51:27-73
126
127                <data android:mimeType="text/plain" />
127-->src/main/AndroidManifest.xml:53:17-56:51
127-->src/main/AndroidManifest.xml:55:25-88
128            </intent-filter>
129            <intent-filter android:label="@string/activity_add_task_title" >
129-->src/main/AndroidManifest.xml:107:13-120:29
129-->src/main/AndroidManifest.xml:107:28-75
130                <action android:name="android.intent.action.INSERT" />
130-->src/main/AndroidManifest.xml:108:17-70
130-->src/main/AndroidManifest.xml:108:25-68
131
132                <category android:name="android.intent.category.DEFAULT" />
132-->src/main/AndroidManifest.xml:51:17-75
132-->src/main/AndroidManifest.xml:51:27-73
133
134                <data
134-->src/main/AndroidManifest.xml:53:17-56:51
135                    android:host="@string/opentasks_authority"
135-->src/main/AndroidManifest.xml:54:25-67
136                    android:mimeType="vnd.android.cursor.dir/org.dmfs.tasks.tasks"
136-->src/main/AndroidManifest.xml:55:25-88
137                    android:scheme="content" />
137-->src/main/AndroidManifest.xml:56:25-49
138                <data
138-->src/main/AndroidManifest.xml:53:17-56:51
139                    android:host="@string/opentasks_authority"
139-->src/main/AndroidManifest.xml:54:25-67
140                    android:mimeType="vnd.android.cursor.dir/org.dmfs.tasks.instances"
140-->src/main/AndroidManifest.xml:55:25-88
141                    android:scheme="content" />
141-->src/main/AndroidManifest.xml:56:25-49
142            </intent-filter>
143            <intent-filter android:label="@string/activity_add_task_title" >
143-->src/main/AndroidManifest.xml:121:13-142:29
143-->src/main/AndroidManifest.xml:121:28-75
144                <action android:name="android.intent.action.INSERT_OR_EDIT" />
144-->src/main/AndroidManifest.xml:122:17-78
144-->src/main/AndroidManifest.xml:122:25-76
145
146                <category android:name="android.intent.category.DEFAULT" />
146-->src/main/AndroidManifest.xml:51:17-75
146-->src/main/AndroidManifest.xml:51:27-73
147
148                <data
148-->src/main/AndroidManifest.xml:53:17-56:51
149                    android:host="@string/opentasks_authority"
149-->src/main/AndroidManifest.xml:54:25-67
150                    android:mimeType="vnd.android.cursor.dir/org.dmfs.tasks.tasks"
150-->src/main/AndroidManifest.xml:55:25-88
151                    android:scheme="content" />
151-->src/main/AndroidManifest.xml:56:25-49
152                <data
152-->src/main/AndroidManifest.xml:53:17-56:51
153                    android:host="@string/opentasks_authority"
153-->src/main/AndroidManifest.xml:54:25-67
154                    android:mimeType="vnd.android.cursor.item/org.dmfs.tasks.tasks"
154-->src/main/AndroidManifest.xml:55:25-88
155                    android:scheme="content" />
155-->src/main/AndroidManifest.xml:56:25-49
156                <data
156-->src/main/AndroidManifest.xml:53:17-56:51
157                    android:host="@string/opentasks_authority"
157-->src/main/AndroidManifest.xml:54:25-67
158                    android:mimeType="vnd.android.cursor.dir/org.dmfs.tasks.instances"
158-->src/main/AndroidManifest.xml:55:25-88
159                    android:scheme="content" />
159-->src/main/AndroidManifest.xml:56:25-49
160                <data
160-->src/main/AndroidManifest.xml:53:17-56:51
161                    android:host="@string/opentasks_authority"
161-->src/main/AndroidManifest.xml:54:25-67
162                    android:mimeType="vnd.android.cursor.item/org.dmfs.tasks.instances"
162-->src/main/AndroidManifest.xml:55:25-88
163                    android:scheme="content" />
163-->src/main/AndroidManifest.xml:56:25-49
164            </intent-filter>
165        </activity>
166        <activity
166-->src/main/AndroidManifest.xml:145:9-153:20
167            android:name="org.dmfs.tasks.SyncSettingsActivity"
167-->src/main/AndroidManifest.xml:146:17-53
168            android:label="@string/title_activity_settings"
168-->src/main/AndroidManifest.xml:147:17-64
169            android:parentActivityName="org.dmfs.tasks.TaskListActivity"
169-->src/main/AndroidManifest.xml:148:17-63
170            android:theme="@style/AppTheme" >
170-->src/main/AndroidManifest.xml:149:17-48
171            <meta-data
171-->src/main/AndroidManifest.xml:71:13-73:70
172                android:name="android.support.PARENT_ACTIVITY"
172-->src/main/AndroidManifest.xml:72:21-67
173                android:value="org.dmfs.tasks.TaskListActivity" />
173-->src/main/AndroidManifest.xml:73:21-68
174        </activity>
175
176        <!-- homescreen widgets -->
177        <activity
177-->src/main/AndroidManifest.xml:156:9-163:20
178            android:name="org.dmfs.tasks.homescreen.TaskListWidgetSettingsActivity"
178-->src/main/AndroidManifest.xml:157:17-74
179            android:label="@string/task_list_selection_title"
179-->src/main/AndroidManifest.xml:158:17-66
180            android:theme="@style/Theme.MaterialDialog" >
180-->src/main/AndroidManifest.xml:159:17-60
181            <intent-filter>
181-->src/main/AndroidManifest.xml:160:13-162:29
182                <action android:name="android.appwidget.action.APPWIDGET_CONFIGURE" />
182-->src/main/AndroidManifest.xml:161:17-86
182-->src/main/AndroidManifest.xml:161:25-84
183            </intent-filter>
184        </activity>
185
186        <service
186-->src/main/AndroidManifest.xml:165:9-167:75
187            android:name="org.dmfs.tasks.homescreen.TaskListWidgetUpdaterService"
187-->src/main/AndroidManifest.xml:166:17-72
188            android:permission="android.permission.BIND_REMOTEVIEWS" />
188-->src/main/AndroidManifest.xml:167:17-73
189
190        <receiver
190-->src/main/AndroidManifest.xml:169:9-197:20
191            android:name="org.dmfs.tasks.homescreen.TaskListWidgetProvider"
191-->src/main/AndroidManifest.xml:170:17-66
192            android:label="@string/task_list_widget_title" >
192-->src/main/AndroidManifest.xml:171:17-63
193            <intent-filter>
193-->src/main/AndroidManifest.xml:172:13-174:29
194                <action android:name="android.appwidget.action.APPWIDGET_UPDATE" />
194-->src/main/AndroidManifest.xml:173:17-83
194-->src/main/AndroidManifest.xml:173:25-81
195            </intent-filter>
196            <intent-filter>
196-->src/main/AndroidManifest.xml:175:13-177:29
197                <action android:name="org.dmfs.tasks.action.TASKWIDGET_UPDATE" />
197-->src/main/AndroidManifest.xml:176:17-81
197-->src/main/AndroidManifest.xml:176:25-79
198            </intent-filter>
199            <intent-filter>
199-->src/main/AndroidManifest.xml:178:13-184:29
200                <action android:name="android.intent.action.PROVIDER_CHANGED" />
200-->src/main/AndroidManifest.xml:179:17-80
200-->src/main/AndroidManifest.xml:179:25-78
201
202                <data
202-->src/main/AndroidManifest.xml:53:17-56:51
203                    android:host="@string/opentasks_authority"
203-->src/main/AndroidManifest.xml:54:25-67
204                    android:scheme="content" />
204-->src/main/AndroidManifest.xml:56:25-49
205            </intent-filter>
206            <intent-filter>
206-->src/main/AndroidManifest.xml:185:13-192:29
207                <action android:name="org.dmfs.android.tasks.TASK_START" />
207-->src/main/AndroidManifest.xml:186:17-75
207-->src/main/AndroidManifest.xml:186:25-73
208
209                <data
209-->src/main/AndroidManifest.xml:53:17-56:51
210                    android:host="@string/opentasks_authority"
210-->src/main/AndroidManifest.xml:54:25-67
211                    android:mimeType="vnd.android.cursor.item/org.dmfs.tasks.tasks"
211-->src/main/AndroidManifest.xml:55:25-88
212                    android:scheme="content" />
212-->src/main/AndroidManifest.xml:56:25-49
213            </intent-filter>
214
215            <meta-data
215-->src/main/AndroidManifest.xml:194:13-196:63
216                android:name="android.appwidget.provider"
216-->src/main/AndroidManifest.xml:195:21-62
217                android:resource="@xml/task_widget_info" />
217-->src/main/AndroidManifest.xml:196:21-61
218        </receiver>
219        <receiver
219-->src/main/AndroidManifest.xml:198:9-227:20
220            android:name="org.dmfs.tasks.homescreen.TaskListWidgetProviderLarge"
220-->src/main/AndroidManifest.xml:199:17-71
221            android:enabled="true"
221-->src/main/AndroidManifest.xml:200:17-39
222            android:label="@string/task_list_widget_title_4x4" >
222-->src/main/AndroidManifest.xml:201:17-67
223            <intent-filter>
223-->src/main/AndroidManifest.xml:172:13-174:29
224                <action android:name="android.appwidget.action.APPWIDGET_UPDATE" />
224-->src/main/AndroidManifest.xml:173:17-83
224-->src/main/AndroidManifest.xml:173:25-81
225            </intent-filter>
226            <intent-filter>
226-->src/main/AndroidManifest.xml:175:13-177:29
227                <action android:name="org.dmfs.tasks.action.TASKWIDGET_UPDATE" />
227-->src/main/AndroidManifest.xml:176:17-81
227-->src/main/AndroidManifest.xml:176:25-79
228            </intent-filter>
229            <intent-filter>
229-->src/main/AndroidManifest.xml:178:13-184:29
230                <action android:name="android.intent.action.PROVIDER_CHANGED" />
230-->src/main/AndroidManifest.xml:179:17-80
230-->src/main/AndroidManifest.xml:179:25-78
231
232                <data
232-->src/main/AndroidManifest.xml:53:17-56:51
233                    android:host="@string/opentasks_authority"
233-->src/main/AndroidManifest.xml:54:25-67
234                    android:scheme="content" />
234-->src/main/AndroidManifest.xml:56:25-49
235            </intent-filter>
236            <intent-filter>
236-->src/main/AndroidManifest.xml:185:13-192:29
237                <action android:name="org.dmfs.android.tasks.TASK_START" />
237-->src/main/AndroidManifest.xml:186:17-75
237-->src/main/AndroidManifest.xml:186:25-73
238
239                <data
239-->src/main/AndroidManifest.xml:53:17-56:51
240                    android:host="@string/opentasks_authority"
240-->src/main/AndroidManifest.xml:54:25-67
241                    android:mimeType="vnd.android.cursor.item/org.dmfs.tasks.tasks"
241-->src/main/AndroidManifest.xml:55:25-88
242                    android:scheme="content" />
242-->src/main/AndroidManifest.xml:56:25-49
243            </intent-filter>
244
245            <meta-data
245-->src/main/AndroidManifest.xml:194:13-196:63
246                android:name="android.appwidget.provider"
246-->src/main/AndroidManifest.xml:195:21-62
247                android:resource="@xml/task_widget_info_large" />
247-->src/main/AndroidManifest.xml:196:21-61
248        </receiver>
249
250        <!-- Dashclock extension -->
251        <service
251-->src/main/AndroidManifest.xml:230:9-252:19
252            android:name="org.dmfs.tasks.dashclock.TasksExtension"
252-->src/main/AndroidManifest.xml:231:17-57
253            android:icon="@drawable/ic_dashboard"
253-->src/main/AndroidManifest.xml:232:17-54
254            android:label="@string/dashclock_extension_title"
254-->src/main/AndroidManifest.xml:233:17-66
255            android:permission="com.google.android.apps.dashclock.permission.READ_EXTENSION_DATA" >
255-->src/main/AndroidManifest.xml:234:17-102
256            <intent-filter>
256-->src/main/AndroidManifest.xml:235:13-237:29
257                <action android:name="com.google.android.apps.dashclock.Extension" />
257-->src/main/AndroidManifest.xml:236:17-85
257-->src/main/AndroidManifest.xml:236:25-83
258            </intent-filter>
259
260            <meta-data
260-->src/main/AndroidManifest.xml:239:13-241:40
261                android:name="protocolVersion"
261-->src/main/AndroidManifest.xml:240:21-51
262                android:value="2" />
262-->src/main/AndroidManifest.xml:241:21-38
263            <meta-data
263-->src/main/AndroidManifest.xml:242:13-244:43
264                android:name="worldReadable"
264-->src/main/AndroidManifest.xml:243:21-49
265                android:value="true" />
265-->src/main/AndroidManifest.xml:244:21-41
266            <meta-data
266-->src/main/AndroidManifest.xml:245:13-247:78
267                android:name="description"
267-->src/main/AndroidManifest.xml:246:21-47
268                android:value="@string/dashclock_extension_description" />
268-->src/main/AndroidManifest.xml:247:21-76
269            <!-- A settings activity is optional -->
270            <meta-data
270-->src/main/AndroidManifest.xml:249:13-251:91
271                android:name="settingsActivity"
271-->src/main/AndroidManifest.xml:250:21-52
272                android:value="org.dmfs.tasks.dashclock.DashClockPreferenceActivity" />
272-->src/main/AndroidManifest.xml:251:21-89
273        </service>
274
275        <activity
275-->src/main/AndroidManifest.xml:254:9-258:50
276            android:name="org.dmfs.tasks.dashclock.DashClockPreferenceActivity"
276-->src/main/AndroidManifest.xml:255:17-70
277            android:exported="true"
277-->src/main/AndroidManifest.xml:256:17-40
278            android:label="@string/title_task_list"
278-->src/main/AndroidManifest.xml:257:17-56
279            android:theme="@style/AppTheme" />
279-->src/main/AndroidManifest.xml:258:17-48
280
281        <!-- Manage List -->
282        <activity
282-->src/main/AndroidManifest.xml:261:9-286:20
283            android:name="org.dmfs.tasks.ManageListActivity"
283-->src/main/AndroidManifest.xml:262:17-51
284            android:theme="@style/AppThemeDialog" >
284-->src/main/AndroidManifest.xml:263:17-54
285            <intent-filter>
285-->src/main/AndroidManifest.xml:264:13-274:29
286                <action android:name="android.intent.action.INSERT" />
286-->src/main/AndroidManifest.xml:108:17-70
286-->src/main/AndroidManifest.xml:108:25-68
287
288                <category android:name="android.intent.category.DEFAULT" />
288-->src/main/AndroidManifest.xml:51:17-75
288-->src/main/AndroidManifest.xml:51:27-73
289                <category android:name="org.dmfs.intent.category.org.dmfs.account.LOCAL" />
289-->src/main/AndroidManifest.xml:268:17-91
289-->src/main/AndroidManifest.xml:268:27-89
290
291                <data
291-->src/main/AndroidManifest.xml:53:17-56:51
292                    android:host="@string/opentasks_authority"
292-->src/main/AndroidManifest.xml:54:25-67
293                    android:mimeType="vnd.android.cursor.dir/org.dmfs.tasks.tasklists"
293-->src/main/AndroidManifest.xml:55:25-88
294                    android:scheme="content" />
294-->src/main/AndroidManifest.xml:56:25-49
295            </intent-filter>
296            <intent-filter>
296-->src/main/AndroidManifest.xml:275:13-285:29
297                <action android:name="android.intent.action.EDIT" />
297-->src/main/AndroidManifest.xml:76:17-68
297-->src/main/AndroidManifest.xml:76:25-66
298
299                <category android:name="android.intent.category.DEFAULT" />
299-->src/main/AndroidManifest.xml:51:17-75
299-->src/main/AndroidManifest.xml:51:27-73
300                <category android:name="org.dmfs.intent.category.org.dmfs.account.LOCAL" />
300-->src/main/AndroidManifest.xml:268:17-91
300-->src/main/AndroidManifest.xml:268:27-89
301
302                <data
302-->src/main/AndroidManifest.xml:53:17-56:51
303                    android:host="@string/opentasks_authority"
303-->src/main/AndroidManifest.xml:54:25-67
304                    android:mimeType="vnd.android.cursor.item/org.dmfs.tasks.tasklists"
304-->src/main/AndroidManifest.xml:55:25-88
305                    android:scheme="content" />
305-->src/main/AndroidManifest.xml:56:25-49
306            </intent-filter>
307        </activity>
308
309        <!-- App Settings -->
310        <activity
310-->src/main/AndroidManifest.xml:289:9-292:50
311            android:name="org.dmfs.tasks.AppSettingsActivity"
311-->src/main/AndroidManifest.xml:290:17-52
312            android:label="@string/title_activity_settings"
312-->src/main/AndroidManifest.xml:291:17-64
313            android:theme="@style/AppTheme" />
313-->src/main/AndroidManifest.xml:292:17-48
314
315        <!-- Notification -->
316        <receiver
316-->src/main/AndroidManifest.xml:295:9-319:20
317            android:name="org.dmfs.tasks.notification.TaskNotificationHandler"
317-->src/main/AndroidManifest.xml:296:17-69
318            android:exported="true" >
318-->src/main/AndroidManifest.xml:297:17-40
319            <intent-filter>
319-->src/main/AndroidManifest.xml:178:13-184:29
320                <action android:name="android.intent.action.PROVIDER_CHANGED" />
320-->src/main/AndroidManifest.xml:179:17-80
320-->src/main/AndroidManifest.xml:179:25-78
321
322                <data
322-->src/main/AndroidManifest.xml:53:17-56:51
323                    android:host="@string/opentasks_authority"
323-->src/main/AndroidManifest.xml:54:25-67
324                    android:scheme="content" />
324-->src/main/AndroidManifest.xml:56:25-49
325            </intent-filter>
326            <intent-filter>
326-->src/main/AndroidManifest.xml:305:13-312:29
327                <action android:name="android.intent.action.BOOT_COMPLETED" />
327-->src/main/AndroidManifest.xml:306:17-78
327-->src/main/AndroidManifest.xml:306:25-76
328                <action android:name="android.intent.action.MY_PACKAGE_REPLACED" />
328-->src/main/AndroidManifest.xml:307:17-83
328-->src/main/AndroidManifest.xml:307:25-81
329                <action android:name="android.intent.action.QUICKBOOT_POWERON" />
329-->src/main/AndroidManifest.xml:308:17-81
329-->src/main/AndroidManifest.xml:308:25-79
330                <action android:name="android.intent.action.TIME_SET" />
330-->src/main/AndroidManifest.xml:309:17-72
330-->src/main/AndroidManifest.xml:309:25-70
331                <action android:name="android.intent.action.TIMEZONE_CHANGED" />
331-->src/main/AndroidManifest.xml:310:17-80
331-->src/main/AndroidManifest.xml:310:25-78
332                <action android:name="android.intent.action.DATE_CHANGED" />
332-->src/main/AndroidManifest.xml:311:17-76
332-->src/main/AndroidManifest.xml:311:25-74
333            </intent-filter>
334            <intent-filter>
334-->src/main/AndroidManifest.xml:313:13-318:29
335                <action android:name="org.dmfs.tasks.intent.ACTION_DAY_CHANGED" />
335-->src/main/AndroidManifest.xml:314:17-82
335-->src/main/AndroidManifest.xml:314:25-80
336                <action android:name="org.dmfs.tasks.action.notification.UNDO" />
336-->src/main/AndroidManifest.xml:315:17-81
336-->src/main/AndroidManifest.xml:315:25-79
337                <action android:name="org.dmfs.tasks.action.notification.DESTRUCT" />